Using pre-set license
Built from '2020.3/staging' branch; Version is '2020.3.24f1 (79c78de19888) revision 7980941'; Using compiler version '192528614'; Build Type 'Release'
OS: 'Windows 10  (10.0.19043) 64bit Core' Language: 'en' Physical Memory: 16333 MB
BatchMode: 1, IsHumanControllingUs: 0, StartBugReporterOnCrash: 0, Is64bit: 1, IsPro: 0

COMMAND LINE ARGUMENTS:
C:\Program Files\Unity\Hub\Editor\2020.3.24f1\Editor\Unity.exe
-adb2
-batchMode
-noUpm
-name
AssetImportWorker0
-projectPath
C:/Users/Matt/CS 4287/CloudFinal/client/WiiTanks
-logFile
Logs/AssetImportWorker0.log
-srvPort
51533
Successfully changed project path to: C:/Users/Matt/CS 4287/CloudFinal/client/WiiTanks
C:/Users/Matt/CS 4287/CloudFinal/client/WiiTanks
Using Asset Import Pipeline V2.
Refreshing native plugins compatible for Editor in 40.15 ms, found 3 plugins.
Preloading 0 native plugins for Editor in 0.00 ms.
Initialize engine version: 2020.3.24f1 (79c78de19888)
[Subsystems] Discovering subsystems at path C:/Program Files/Unity/Hub/Editor/2020.3.24f1/Editor/Data/Resources/UnitySubsystems
[Subsystems] Discovering subsystems at path C:/Users/Matt/CS 4287/CloudFinal/client/WiiTanks/Assets
GfxDevice: creating device client; threaded=0
Direct3D:
    Version:  Direct3D 11.0 [level 11.1]
    Renderer: NVIDIA GeForce GTX 1660 Ti (ID=0x2182)
    Vendor:   
    VRAM:     5991 MB
    Driver:   27.21.14.5671
Initialize mono
Mono path[0] = 'C:/Program Files/Unity/Hub/Editor/2020.3.24f1/Editor/Data/Managed'
Mono path[1] = 'C:/Program Files/Unity/Hub/Editor/2020.3.24f1/Editor/Data/MonoBleedingEdge/lib/mono/unityjit'
Mono config path = 'C:/Program Files/Unity/Hub/Editor/2020.3.24f1/Editor/Data/MonoBleedingEdge/etc'
Using monoOptions --debugger-agent=transport=dt_socket,embedding=1,server=y,suspend=n,address=127.0.0.1:56008
Begin MonoManager ReloadAssembly
Registering precompiled unity dll's ...
Register platform support module: C:/Program Files/Unity/Hub/Editor/2020.3.24f1/Editor/Data/PlaybackEngines/WebGLSupport/UnityEditor.WebGL.Extensions.dll
Register platform support module: C:/Program Files/Unity/Hub/Editor/2020.3.24f1/Editor/Data/PlaybackEngines/MacStandaloneSupport/UnityEditor.OSXStandalone.Extensions.dll
Register platform support module: C:/Program Files/Unity/Hub/Editor/2020.3.24f1/Editor/Data/PlaybackEngines/WindowsStandaloneSupport/UnityEditor.WindowsStandalone.Extensions.dll
Registered in 0.002480 seconds.
Native extension for WindowsStandalone target not found
Native extension for OSXStandalone target not found
Native extension for WebGL target not found
Refreshing native plugins compatible for Editor in 40.88 ms, found 3 plugins.
Preloading 0 native plugins for Editor in 0.00 ms.
Mono: successfully reloaded assembly
- Completed reload, in  0.495 seconds
Domain Reload Profiling:
	ReloadAssembly (495ms)
		BeginReloadAssembly (46ms)
			ExecutionOrderSort (0ms)
			DisableScriptedObjects (0ms)
			BackupInstance (0ms)
			ReleaseScriptingObjects (0ms)
			CreateAndSetChildDomain (1ms)
		EndReloadAssembly (384ms)
			LoadAssemblies (44ms)
			RebuildTransferFunctionScriptingTraits (0ms)
			SetupTypeCache (125ms)
			ReleaseScriptCaches (0ms)
			RebuildScriptCaches (25ms)
			SetupLoadedEditorAssemblies (147ms)
				LogAssemblyErrors (0ms)
				InitializePlatformSupportModulesInManaged (5ms)
				SetLoadedEditorAssemblies (0ms)
				RefreshPlugins (41ms)
				BeforeProcessingInitializeOnLoad (13ms)
				ProcessInitializeOnLoadAttributes (66ms)
				ProcessInitializeOnLoadMethodAttributes (22ms)
				AfterProcessingInitializeOnLoad (0ms)
				EditorAssembliesLoaded (0ms)
			ExecutionOrderSort2 (0ms)
			AwakeInstancesAfterBackupRestoration (0ms)
Platform modules already initialized, skipping
Registering precompiled user dll's ...
Registered in 0.004109 seconds.
Begin MonoManager ReloadAssembly
Native extension for WindowsStandalone target not found
Native extension for OSXStandalone target not found
Native extension for WebGL target not found
Refreshing native plugins compatible for Editor in 40.24 ms, found 3 plugins.
Preloading 0 native plugins for Editor in 0.00 ms.
Mono: successfully reloaded assembly
- Completed reload, in  0.966 seconds
Domain Reload Profiling:
	ReloadAssembly (966ms)
		BeginReloadAssembly (123ms)
			ExecutionOrderSort (0ms)
			DisableScriptedObjects (4ms)
			BackupInstance (0ms)
			ReleaseScriptingObjects (0ms)
			CreateAndSetChildDomain (16ms)
		EndReloadAssembly (788ms)
			LoadAssemblies (77ms)
			RebuildTransferFunctionScriptingTraits (0ms)
			SetupTypeCache (253ms)
			ReleaseScriptCaches (0ms)
			RebuildScriptCaches (42ms)
			SetupLoadedEditorAssemblies (309ms)
				LogAssemblyErrors (0ms)
				InitializePlatformSupportModulesInManaged (4ms)
				SetLoadedEditorAssemblies (0ms)
				RefreshPlugins (40ms)
				BeforeProcessingInitializeOnLoad (76ms)
				ProcessInitializeOnLoadAttributes (169ms)
				ProcessInitializeOnLoadMethodAttributes (13ms)
				AfterProcessingInitializeOnLoad (6ms)
				EditorAssembliesLoaded (0ms)
			ExecutionOrderSort2 (0ms)
			AwakeInstancesAfterBackupRestoration (6ms)
Platform modules already initialized, skipping
========================================================================
Worker process is ready to serve import requests
Launched and connected shader compiler UnityShaderCompiler.exe after 0.04 seconds
Refreshing native plugins compatible for Editor in 0.45 ms, found 3 plugins.
Preloading 0 native plugins for Editor in 0.00 ms.
Unloading 2216 Unused Serialized files (Serialized files now loaded: 0)
System memory in use before: 98.3 MB.
System memory in use after: 98.4 MB.

Unloading 29 unused Assets to reduce memory usage. Loaded Objects now: 2650.
Total: 2.890800 ms (FindLiveObjects: 0.194100 ms CreateObjectMapping: 0.051900 ms MarkObjects: 2.584800 ms  DeleteObjects: 0.059200 ms)

AssetImportParameters requested are different than current active one (requested -> active):
  custom:framework-win-MediaFoundation: 216162199b28c13a410421893ffa2e32 -> 
  custom:video-decoder-ogg-theora: a1e56fd34408186e4bbccfd4996cb3dc -> 
  custom:container-muxer-webm: aa71ff27fc2769a1b78a27578f13a17b -> 
  custom:container-demuxer-webm: 4f35f7cbe854078d1ac9338744f61a02 -> 
  custom:container-demuxer-ogg: 62fdf1f143b41e24485cea50d1cbac27 -> 
  custom:video-encoder-webm-vp8: eb34c28f22e8b96e1ab97ce403110664 -> 
  custom:video-decoder-webm-vp8: 9c59270c3fd7afecdb556c50c9e8de78 -> 
  custom:audio-decoder-ogg-vorbis: bf7c407c2cedff20999df2af8eb42d56 -> 
  custom:audio-encoder-webm-vorbis: bf7c407c2cedff20999df2af8eb42d56 -> 
========================================================================
Received Import Request.
  path: Assets/Texture Bricks 'n Blocks/Materials
  artifactKey: Guid(3fc62a9d17b8eba43bb6f7b77ae4b33e) Importer(815301076,1909f56bfc062723c751e8b465ee728b)
Start importing Assets/Texture Bricks 'n Blocks/Materials using Guid(3fc62a9d17b8eba43bb6f7b77ae4b33e) Importer(815301076,1909f56bfc062723c751e8b465ee728b)  -> (artifact id: '966d44bddaa7b406bd0d2a70f5ac41c1') in 0.008327 seconds 
  Import took 0.011107 seconds .

========================================================================
Received Import Request.
  Time since last request: 0.000179 seconds.
  path: Assets/Texture Bricks 'n Blocks/Materials/Block_Pavers.mat
  artifactKey: Guid(cc8e0f36e32fcf640b1e733f755715d2) Importer(815301076,1909f56bfc062723c751e8b465ee728b)
Start importing Assets/Texture Bricks 'n Blocks/Materials/Block_Pavers.mat using Guid(cc8e0f36e32fcf640b1e733f755715d2) Importer(815301076,1909f56bfc062723c751e8b465ee728b)  -> (artifact id: '812adef5ab6b0fb0cec07bda615cfd62') in 0.279561 seconds 
  Import took 0.282203 seconds .

========================================================================
Received Import Request.
  Time since last request: 0.000179 seconds.
  path: Assets/Texture Bricks 'n Blocks/SkyBox.mat
  artifactKey: Guid(ad008292c89b04d4b8f9b706ad990349) Importer(815301076,1909f56bfc062723c751e8b465ee728b)
Start importing Assets/Texture Bricks 'n Blocks/SkyBox.mat using Guid(ad008292c89b04d4b8f9b706ad990349) Importer(815301076,1909f56bfc062723c751e8b465ee728b)  -> (artifact id: '14f05dfb5ea799e7b1ae122c31e8b53c') in 0.080685 seconds 
  Import took 0.083637 seconds .

========================================================================
Received Import Request.
  Time since last request: 0.000181 seconds.
  path: Assets/Texture Bricks 'n Blocks/Demo Scene
  artifactKey: Guid(904506a76473eaa4cbdc0e3d5e1680b2) Importer(815301076,1909f56bfc062723c751e8b465ee728b)
Start importing Assets/Texture Bricks 'n Blocks/Demo Scene using Guid(904506a76473eaa4cbdc0e3d5e1680b2) Importer(815301076,1909f56bfc062723c751e8b465ee728b)  -> (artifact id: '9eb7ff7fbe3c675c05b96a05e36d54c3') in 0.005759 seconds 
  Import took 0.008449 seconds .

========================================================================
Received Import Request.
  Time since last request: 0.000177 seconds.
  path: Assets/Texture Bricks 'n Blocks/Materials/Brick_Cobble_withgrout.mat
  artifactKey: Guid(f95025024bf9d9640be79c4d5d2aa74a) Importer(815301076,1909f56bfc062723c751e8b465ee728b)
Start importing Assets/Texture Bricks 'n Blocks/Materials/Brick_Cobble_withgrout.mat using Guid(f95025024bf9d9640be79c4d5d2aa74a) Importer(815301076,1909f56bfc062723c751e8b465ee728b)  -> (artifact id: '663d7e908c8c1a0199883908e5d1a9bc') in 0.018716 seconds 
  Import took 0.021904 seconds .

========================================================================
Received Import Request.
  Time since last request: 0.000192 seconds.
  path: Assets/Texture Bricks 'n Blocks/Materials/Brick_Shiny.mat
  artifactKey: Guid(c8c8f0802a081b54fa1e3edf21279b1f) Importer(815301076,1909f56bfc062723c751e8b465ee728b)
Start importing Assets/Texture Bricks 'n Blocks/Materials/Brick_Shiny.mat using Guid(c8c8f0802a081b54fa1e3edf21279b1f) Importer(815301076,1909f56bfc062723c751e8b465ee728b)  -> (artifact id: '0069a6de5533566001679742e3662855') in 0.015561 seconds 
  Import took 0.018696 seconds .

========================================================================
Received Import Request.
  Time since last request: 0.000155 seconds.
  path: Assets/Texture Bricks 'n Blocks/Materials/Ston_Stack_Grassy.mat
  artifactKey: Guid(d22a30d2f01dba544a83283ddc4e66a7) Importer(815301076,1909f56bfc062723c751e8b465ee728b)
Start importing Assets/Texture Bricks 'n Blocks/Materials/Ston_Stack_Grassy.mat using Guid(d22a30d2f01dba544a83283ddc4e66a7) Importer(815301076,1909f56bfc062723c751e8b465ee728b)  -> (artifact id: 'd8b52514c9b45a1505ef48a68f065d18') in 0.015956 seconds 
  Import took 0.018913 seconds .

========================================================================
Received Import Request.
  Time since last request: 1.126286 seconds.
  path: Assets/Texture Bricks 'n Blocks/Textures/Block_pavers_diffuseOriginal.png
  artifactKey: Guid(68ae4ca22ee0b954d9db92fce087714c) Importer(815301076,1909f56bfc062723c751e8b465ee728b)
Start importing Assets/Texture Bricks 'n Blocks/Textures/Block_pavers_diffuseOriginal.png using Guid(68ae4ca22ee0b954d9db92fce087714c) Importer(815301076,1909f56bfc062723c751e8b465ee728b)  -> (artifact id: '48bdd05e0c39f1c8fd6b35ea69c626f6') in 0.038878 seconds 
  Import took 0.041968 seconds .

========================================================================
Received Import Request.
  Time since last request: 0.000163 seconds.
  path: Assets/Texture Bricks 'n Blocks/Textures/Stone_stack_grassy_diffuseOriginal.png
  artifactKey: Guid(b736366e348ea4a468ec2ab688ef7e30) Importer(815301076,1909f56bfc062723c751e8b465ee728b)
Start importing Assets/Texture Bricks 'n Blocks/Textures/Stone_stack_grassy_diffuseOriginal.png using Guid(b736366e348ea4a468ec2ab688ef7e30) Importer(815301076,1909f56bfc062723c751e8b465ee728b)  -> (artifact id: '43d224f96816ed002b63ae188010d8ad') in 0.013080 seconds 
  Import took 0.015789 seconds .

========================================================================
Received Import Request.
  Time since last request: 0.000225 seconds.
  path: Assets/Texture Bricks 'n Blocks/Textures/Brick_cobble_whitegrout_diffuseOriginal.png
  artifactKey: Guid(67fdedc8f0387ee4d92037dd3be45837) Importer(815301076,1909f56bfc062723c751e8b465ee728b)
Start importing Assets/Texture Bricks 'n Blocks/Textures/Brick_cobble_whitegrout_diffuseOriginal.png using Guid(67fdedc8f0387ee4d92037dd3be45837) Importer(815301076,1909f56bfc062723c751e8b465ee728b)  -> (artifact id: '42866492c5337a58962af149555d0d70') in 0.013480 seconds 
  Import took 0.016502 seconds .

========================================================================
Received Import Request.
  Time since last request: 0.000197 seconds.
  path: Assets/Texture Bricks 'n Blocks/Textures/Brick_shiny_diffuseOriginal.png
  artifactKey: Guid(bb4def3467aaf224fa3d84ea39bb882b) Importer(815301076,1909f56bfc062723c751e8b465ee728b)
Start importing Assets/Texture Bricks 'n Blocks/Textures/Brick_shiny_diffuseOriginal.png using Guid(bb4def3467aaf224fa3d84ea39bb882b) Importer(815301076,1909f56bfc062723c751e8b465ee728b)  -> (artifact id: '1b79c8c06ab37c9a2c699f995602e3e4') in 0.015164 seconds 
  Import took 0.018126 seconds .

========================================================================
Received Import Request.
  Time since last request: 19.821944 seconds.
  path: Assets/Materials/TankConstructor/Images/MapTiles
  artifactKey: Guid(758a62c9738f03c44a57a7c031107e0a) Importer(815301076,1909f56bfc062723c751e8b465ee728b)
Start importing Assets/Materials/TankConstructor/Images/MapTiles using Guid(758a62c9738f03c44a57a7c031107e0a) Importer(815301076,1909f56bfc062723c751e8b465ee728b)  -> (artifact id: '7f91f3b7c31befac2e096395a5281bc0') in 0.005706 seconds 
  Import took 0.008652 seconds .

========================================================================
Received Import Request.
  Time since last request: 8.208034 seconds.
  path: Assets/Materials/TankConstructor/Images/MapTiles/Tile.png
  artifactKey: Guid(5657c73e57a9fa849b319ab80ab87ecc) Importer(815301076,1909f56bfc062723c751e8b465ee728b)
Start importing Assets/Materials/TankConstructor/Images/MapTiles/Tile.png using Guid(5657c73e57a9fa849b319ab80ab87ecc) Importer(815301076,1909f56bfc062723c751e8b465ee728b)  -> (artifact id: 'f8f7f1a672eb3e1b75dfb4d48aaadd5c') in 0.024069 seconds 
  Import took 0.027230 seconds .

========================================================================
Received Import Request.
  Time since last request: 47.802272 seconds.
  path: Assets/TextMesh Pro/Fonts
  artifactKey: Guid(6ab70aee4d56447429c680537fbf93ed) Importer(815301076,1909f56bfc062723c751e8b465ee728b)
Start importing Assets/TextMesh Pro/Fonts using Guid(6ab70aee4d56447429c680537fbf93ed) Importer(815301076,1909f56bfc062723c751e8b465ee728b)  -> (artifact id: 'c860dfdf0522eec1202f36843e52d436') in 0.005861 seconds 
  Import took 0.008837 seconds .

========================================================================
Received Import Request.
  Time since last request: 0.068476 seconds.
  path: Assets/TextMesh Pro/Fonts/LiberationSans.ttf
  artifactKey: Guid(e3265ab4bf004d28a9537516768c1c75) Importer(815301076,1909f56bfc062723c751e8b465ee728b)
Start importing Assets/TextMesh Pro/Fonts/LiberationSans.ttf using Guid(e3265ab4bf004d28a9537516768c1c75) Importer(815301076,1909f56bfc062723c751e8b465ee728b)  -> (artifact id: 'bdddd331c3f1b7826858a8d92db67e39') in 0.020406 seconds 
  Import took 0.023749 seconds .

========================================================================
Received Import Request.
  Time since last request: 4.419978 seconds.
  path: Assets/TextMesh Pro/Resources/TMP Settings.asset
  artifactKey: Guid(3f5b5dff67a942289a9defa416b206f3) Importer(815301076,1909f56bfc062723c751e8b465ee728b)
Start importing Assets/TextMesh Pro/Resources/TMP Settings.asset using Guid(3f5b5dff67a942289a9defa416b206f3) Importer(815301076,1909f56bfc062723c751e8b465ee728b)  -> (artifact id: '80217e6c75f9d2e4957cbc8093faaf48') in 0.043934 seconds 
  Import took 0.047059 seconds .

========================================================================
Received Import Request.
  Time since last request: 2.001877 seconds.
  path: Assets/TextMesh Pro/Sprites/EmojiOne.png
  artifactKey: Guid(dffef66376be4fa480fb02b19edbe903) Importer(815301076,1909f56bfc062723c751e8b465ee728b)
Start importing Assets/TextMesh Pro/Sprites/EmojiOne.png using Guid(dffef66376be4fa480fb02b19edbe903) Importer(815301076,1909f56bfc062723c751e8b465ee728b)  -> (artifact id: 'd78a27303d38c5bc73b55289faa0930d') in 0.009935 seconds 
  Import took 0.012911 seconds .

========================================================================
Received Import Request.
  Time since last request: 100.246242 seconds.
  path: Assets/Materials/TextMesh Pro
  artifactKey: Guid(f54d1bd14bd3ca042bd867b519fee8cc) Importer(815301076,1909f56bfc062723c751e8b465ee728b)
Start importing Assets/Materials/TextMesh Pro using Guid(f54d1bd14bd3ca042bd867b519fee8cc) Importer(815301076,1909f56bfc062723c751e8b465ee728b)  -> (artifact id: '16b4cbde9565bf190136f1148817e1ea') in 0.005862 seconds 
  Import took 0.008979 seconds .

========================================================================
Received Prepare
Registering precompiled user dll's ...
Registered in 0.004256 seconds.
Begin MonoManager ReloadAssembly
Native extension for WindowsStandalone target not found
Native extension for OSXStandalone target not found
Native extension for WebGL target not found
Refreshing native plugins compatible for Editor in 0.47 ms, found 3 plugins.
Preloading 0 native plugins for Editor in 0.00 ms.
Mono: successfully reloaded assembly
- Completed reload, in  0.824 seconds
Domain Reload Profiling:
	ReloadAssembly (825ms)
		BeginReloadAssembly (99ms)
			ExecutionOrderSort (0ms)
			DisableScriptedObjects (5ms)
			BackupInstance (0ms)
			ReleaseScriptingObjects (0ms)
			CreateAndSetChildDomain (29ms)
		EndReloadAssembly (672ms)
			LoadAssemblies (73ms)
			RebuildTransferFunctionScriptingTraits (0ms)
			SetupTypeCache (241ms)
			ReleaseScriptCaches (1ms)
			RebuildScriptCaches (35ms)
			SetupLoadedEditorAssemblies (240ms)
				LogAssemblyErrors (0ms)
				InitializePlatformSupportModulesInManaged (5ms)
				SetLoadedEditorAssemblies (0ms)
				RefreshPlugins (1ms)
				BeforeProcessingInitializeOnLoad (67ms)
				ProcessInitializeOnLoadAttributes (153ms)
				ProcessInitializeOnLoadMethodAttributes (8ms)
				AfterProcessingInitializeOnLoad (6ms)
				EditorAssembliesLoaded (0ms)
			ExecutionOrderSort2 (0ms)
			AwakeInstancesAfterBackupRestoration (7ms)
Platform modules already initialized, skipping
Refreshing native plugins compatible for Editor in 0.47 ms, found 3 plugins.
Preloading 0 native plugins for Editor in 0.00 ms.
Unloading 2192 Unused Serialized files (Serialized files now loaded: 0)
System memory in use before: 99.7 MB.
System memory in use after: 99.8 MB.

Unloading 18 unused Assets to reduce memory usage. Loaded Objects now: 2698.
Total: 2.751600 ms (FindLiveObjects: 0.188800 ms CreateObjectMapping: 0.056000 ms MarkObjects: 2.490100 ms  DeleteObjects: 0.015800 ms)

AssetImportParameters requested are different than current active one (requested -> active):
  custom:framework-win-MediaFoundation: 216162199b28c13a410421893ffa2e32 -> 
  custom:video-decoder-ogg-theora: a1e56fd34408186e4bbccfd4996cb3dc -> 
  custom:container-muxer-webm: aa71ff27fc2769a1b78a27578f13a17b -> 
  custom:container-demuxer-webm: 4f35f7cbe854078d1ac9338744f61a02 -> 
  custom:container-demuxer-ogg: 62fdf1f143b41e24485cea50d1cbac27 -> 
  custom:video-encoder-webm-vp8: eb34c28f22e8b96e1ab97ce403110664 -> 
  custom:video-decoder-webm-vp8: 9c59270c3fd7afecdb556c50c9e8de78 -> 
  custom:audio-decoder-ogg-vorbis: bf7c407c2cedff20999df2af8eb42d56 -> 
  custom:audio-encoder-webm-vorbis: bf7c407c2cedff20999df2af8eb42d56 -> 
========================================================================
Received Import Request.
  Time since last request: 588.376187 seconds.
  path: Assets/Scenes/MainScene.unity
  artifactKey: Guid(2cda990e2423bbf4892e6590ba056729) Importer(815301076,1909f56bfc062723c751e8b465ee728b)
Start importing Assets/Scenes/MainScene.unity using Guid(2cda990e2423bbf4892e6590ba056729) Importer(815301076,1909f56bfc062723c751e8b465ee728b)  -> (artifact id: 'd986d5f563e307eb85b578bdc83337e1') in 0.015098 seconds 
  Import took 0.018061 seconds .

========================================================================
Received Import Request.
  Time since last request: 23.630944 seconds.
  path: Assets/Scenes/Loading Screen.unity
  artifactKey: Guid(600ac974bc9fd0041991d8e3a75905d1) Importer(815301076,1909f56bfc062723c751e8b465ee728b)
Start importing Assets/Scenes/Loading Screen.unity using Guid(600ac974bc9fd0041991d8e3a75905d1) Importer(815301076,1909f56bfc062723c751e8b465ee728b)  -> (artifact id: 'acb651e257e974bc5e9e74d0968c82b1') in 0.006147 seconds 
  Import took 0.009043 seconds .

========================================================================
Received Import Request.
  Time since last request: 212.643483 seconds.
  path: Assets/Materials/TextMesh Pro/Resources/Fonts & Materials/LiberationSans SDF - Outline.mat
  artifactKey: Guid(79459efec17a4d00a321bdcc27bbc385) Importer(815301076,1909f56bfc062723c751e8b465ee728b)
Start importing Assets/Materials/TextMesh Pro/Resources/Fonts & Materials/LiberationSans SDF - Outline.mat using Guid(79459efec17a4d00a321bdcc27bbc385) Importer(815301076,1909f56bfc062723c751e8b465ee728b)  -> (artifact id: 'b07922996f17aaafb8faa972d8314534') in 0.097181 seconds 
  Import took 0.100680 seconds .

========================================================================
Received Import Request.
  Time since last request: 0.000171 seconds.
  path: Assets/Materials/TextMesh Pro/Resources/Fonts & Materials/LiberationSans SDF.asset
  artifactKey: Guid(8f586378b4e144a9851e7b34d9b748ee) Importer(815301076,1909f56bfc062723c751e8b465ee728b)
Start importing Assets/Materials/TextMesh Pro/Resources/Fonts & Materials/LiberationSans SDF.asset using Guid(8f586378b4e144a9851e7b34d9b748ee) Importer(815301076,1909f56bfc062723c751e8b465ee728b)  -> (artifact id: '4bbbc744fa4005ce21411c878a9eeef5') in 0.080160 seconds 
  Import took 0.082943 seconds .

========================================================================
Received Import Request.
  Time since last request: 20.261187 seconds.
  path: Assets/Materials/TextMesh Pro/Fonts/Molot.otf
  artifactKey: Guid(77131c5c8e73c3443a380b41c70a453f) Importer(815301076,1909f56bfc062723c751e8b465ee728b)
Start importing Assets/Materials/TextMesh Pro/Fonts/Molot.otf using Guid(77131c5c8e73c3443a380b41c70a453f) Importer(815301076,1909f56bfc062723c751e8b465ee728b)  -> (artifact id: 'e4a6dc506f0566f75dc5092ca3820c73') in 0.013650 seconds 
  Import took 0.016640 seconds .

AssetImportWorkerClient::OnTransportError - code=2 error=End of file
